2023-04-01 12:55:36,000 : INFO : root : Loading config.
2023-04-01 12:55:36,406 : INFO : ConfigProcessor : Config spec file cache created: /var/folders/0y/x6b2lmrx6vq3nhkjncz48nhc0000gn/T/config_spec.mpf_cache
2023-04-01 12:55:36,406 : INFO : YamlMultifileConfigLoader : Machine config file #1: config.yaml
2023-04-01 12:55:36,407 : WARNING : ConfigProcessor : Config file in cache changed: /Users/tpetch/Documents/trashland_3/config/config.yaml
2023-04-01 12:55:36,407 : INFO : ConfigProcessor : Loading config from file /Users/tpetch/.local/pipx/venvs/mpf/lib/python3.9/site-packages/mpf/mpfconfig.yaml.
2023-04-01 12:55:36,477 : INFO : ConfigProcessor : Loading config: /Users/tpetch/.local/pipx/venvs/mpf/lib/python3.9/site-packages/mpf/mpfconfig.yaml
2023-04-01 12:55:36,478 : INFO : ConfigProcessor : Loading config from file /Users/tpetch/Documents/trashland_3/config/config.yaml.
2023-04-01 12:55:36,625 : INFO : ConfigProcessor : Loading config: /Users/tpetch/Documents/trashland_3/config/config.yaml
2023-04-01 12:55:36,628 : INFO : ConfigProcessor : Config file cache created: /var/folders/0y/x6b2lmrx6vq3nhkjncz48nhc0000gn/T/28c67afebeedf0bcd540f5dc9898a885.mpf_cache
2023-04-01 12:55:36,708 : WARNING : ConfigProcessor : Config file in cache changed: /Users/tpetch/Documents/trashland_3/modes/attract/config/attract.yaml
2023-04-01 12:55:36,708 : INFO : ConfigProcessor : Loading config from file /Users/tpetch/.local/pipx/venvs/mpf/lib/python3.9/site-packages/mpf/modes/attract/config/attract.yaml.
2023-04-01 12:55:36,710 : INFO : ConfigProcessor : Loading config: /Users/tpetch/.local/pipx/venvs/mpf/lib/python3.9/site-packages/mpf/modes/attract/config/attract.yaml
2023-04-01 12:55:36,710 : INFO : ConfigProcessor : Loading config from file /Users/tpetch/Documents/trashland_3/modes/attract/config/attract.yaml.
2023-04-01 12:55:36,711 : INFO : ConfigProcessor : Loading config: /Users/tpetch/Documents/trashland_3/modes/attract/config/attract.yaml
2023-04-01 12:55:36,713 : INFO : ConfigProcessor : Config file cache created: /var/folders/0y/x6b2lmrx6vq3nhkjncz48nhc0000gn/T/03cea1619b79a61f4f0eef3c59cdaa46.mpf_cache
2023-04-01 12:55:36,713 : INFO : ConfigProcessor : Loading config from cache: /var/folders/0y/x6b2lmrx6vq3nhkjncz48nhc0000gn/T/d3948d842c6309f14ab557c3c72320d0.mpf_cache
2023-04-01 12:55:36,714 : INFO : ConfigProcessor : Loading config from cache: /var/folders/0y/x6b2lmrx6vq3nhkjncz48nhc0000gn/T/a37a2141962f60258a07880b3484644a.mpf_cache
2023-04-01 12:55:36,715 : INFO : Machine : Mission Pinball Framework Core Engine v0.56.1.dev4
2023-04-01 12:55:36,715 : INFO : Machine : Command line arguments: {'no_load_cache': False, 'create_config_cache': True, 'bcp': False, 'configfile': ['config.yaml'], 'force_assets_load': False, 'jsonlogging': False, 'logfile': 'logs/2023-04-01-12-55-35-mpf-Tanners-MacBook-Pro-2.local.log', 'pause': False, 'production': False, 'text_ui': True, 'loglevel': 15, 'consoleloglevel': 20, 'force_platform': None, 'syslog_address': None, 'mc_file_name': None, 'no_sound': False}
2023-04-01 12:55:36,715 : INFO : Machine : MPF path: /Users/tpetch/.local/pipx/venvs/mpf/lib/python3.9/site-packages/mpf
2023-04-01 12:55:36,715 : INFO : Machine : Machine path: /Users/tpetch/Documents/trashland_3
2023-04-01 12:55:36,715 : INFO : Machine : Platform: darwin
2023-04-01 12:55:36,715 : INFO : Machine : Python executable location: /Users/tpetch/.local/pipx/venvs/mpf/bin/python
2023-04-01 12:55:36,715 : INFO : Machine : Python version: 3.9.13 (64-bit)
2023-04-01 12:55:36,726 : INFO : Machine : Initialise MPF.
2023-04-01 12:55:36,823 : INFO : [NET] : Trying to connect to /dev/tty.usbmodem141401 at 921600bps
2023-04-01 12:55:36,830 : INFO : [NET] : Connected to /dev/tty.usbmodem141401 at 921600bps
2023-04-01 12:55:36,843 : INFO : [NET] : Connected to FP-CPU-2000 with firmware v02.06
2023-04-01 12:55:36,843 : INFO : EventManager : Event: ======'machine_var_fast_net_firmware'====== Args={'value': '02.06', 'prev_value': None, 'change': True}
2023-04-01 12:55:36,843 : INFO : EventManager : Event: ======'machine_var_fast_net_model'====== Args={'value': 'FP-CPU-2000', 'prev_value': None, 'change': True}
2023-04-01 12:55:36,845 : INFO : [NET] : Registered I/O Board 0: Model: FP-I/O-0804, Firmware: 01.09, Switches: 8, Drivers: 4
2023-04-01 12:55:36,847 : INFO : [NET] : Registered I/O Board 1: Model: FP-I/O-0804, Firmware: 01.09, Switches: 8, Drivers: 4
2023-04-01 12:55:36,848 : INFO : [NET] : Registered I/O Board 2: Model: FP-I/O-3208, Firmware: 01.09, Switches: 32, Drivers: 8
2023-04-01 12:55:36,849 : INFO : [NET] : Registered I/O Board 3: Model: FP-I/O-1616, Firmware: 01.09, Switches: 16, Drivers: 16
2023-04-01 12:55:36,850 : INFO : [NET] : Registered I/O Board 4: Model: FP-I/O-3208, Firmware: 01.09, Switches: 32, Drivers: 8
2023-04-01 12:55:36,853 : INFO : [EXP] : Trying to connect to /dev/tty.usbmodem141403 at 921600bps
2023-04-01 12:55:36,858 : INFO : [EXP] : Connected to /dev/tty.usbmodem141403 at 921600bps
2023-04-01 12:55:36,864 : INFO : EventManager : Event: ======'machine_var_credits_string'====== Args={'value': 'FREE PLAY', 'prev_value': None, 'change': True}
2023-04-01 12:55:36,908 : INFO : EventManager : Event: ======'machine_var_master_volume'====== Args={'value': 0.5, 'prev_value': None, 'change': True}
2023-04-01 12:55:36,908 : INFO : EventManager : Event: ======'machine_var_player1_score'====== Args={'value': 0, 'prev_value': None, 'change': True}
2023-04-01 12:55:36,908 : INFO : EventManager : Event: ======'machine_var_mpf_version'====== Args={'value': 'MPF v0.56.1.dev4', 'prev_value': None, 'change': True}
2023-04-01 12:55:36,908 : INFO : EventManager : Event: ======'machine_var_mpf_extended_version'====== Args={'value': 'MPF v0.56.1.dev4, Config version:5, Show version: 5, BCP version:1.1', 'prev_value': None, 'change': True}
2023-04-01 12:55:36,908 : INFO : EventManager : Event: ======'machine_var_python_version'====== Args={'value': '3.9.13', 'prev_value': None, 'change': True}
2023-04-01 12:55:36,928 : INFO : EventManager : Event: ======'machine_var_platform'====== Args={'value': 'macOS-10.16-x86_64-i386-64bit', 'prev_value': None, 'change': True}
2023-04-01 12:55:36,928 : INFO : EventManager : Event: ======'machine_var_platform_system'====== Args={'value': 'Darwin', 'prev_value': None, 'change': True}
2023-04-01 12:55:36,928 : INFO : EventManager : Event: ======'machine_var_platform_release'====== Args={'value': '22.2.0', 'prev_value': None, 'change': True}
2023-04-01 12:55:36,928 : INFO : EventManager : Event: ======'machine_var_platform_version'====== Args={'value': 'Darwin Kernel Version 22.2.0: Fri Nov 11 02:08:47 PST 2022; root:xnu-8792.61.2~4/RELEASE_X86_64', 'prev_value': None, 'change': True}
2023-04-01 12:55:36,928 : INFO : EventManager : Event: ======'machine_var_platform_machine'====== Args={'value': 'x86_64', 'prev_value': None, 'change': True}
2023-04-01 12:55:36,928 : INFO : EventManager : Event: ======'init_phase_1'====== Args={}
2023-04-01 12:55:37,001 : INFO : EventManager : Event: ======'drop_target_bank_single_main_up'====== Args={}
2023-04-01 12:55:37,001 : INFO : EventManager : Event: ======'drop_target_bank_mid_up'====== Args={}
2023-04-01 12:55:37,001 : INFO : EventManager : Event: ======'drop_target_bank_right_up'====== Args={}
2023-04-01 12:55:37,003 : INFO : EventManager : Event: ======'init_phase_2'====== Args={}
2023-04-01 12:55:37,005 : INFO : SwitchController : Found active switch: (('1D', 0), <Platform.FAST>) <switch.s_trough_1>
2023-04-01 12:55:37,005 : INFO : SwitchController : Found active switch: (('1C', 0), <Platform.FAST>) <switch.s_trough_2>
2023-04-01 12:55:37,005 : INFO : SwitchController : Found active switch: (('1B', 0), <Platform.FAST>) <switch.s_trough_3>
2023-04-01 12:55:37,005 : INFO : SwitchController : Found active switch: (('1A', 0), <Platform.FAST>) <switch.s_trough_4>
2023-04-01 12:55:37,005 : INFO : SwitchController : Found active switch: (('34', 0), <Platform.FAST>) <switch.s_drop_scoop>
2023-04-01 12:55:37,013 : INFO : ball_device.bd_vuk_back : BCH: Initial count: 0
2023-04-01 12:55:37,013 : INFO : ball_device.bd_vuk_back : State: idle
2023-04-01 12:55:37,013 : INFO : ball_device.bd_vuk_right : BCH: Initial count: 0
2023-04-01 12:55:37,014 : INFO : ball_device.bd_vuk_right : State: idle
2023-04-01 12:55:37,014 : INFO : ball_device.bd_b_lock : BCH: Initial count: 0
2023-04-01 12:55:37,014 : INFO : ball_device.bd_b_lock : State: idle
2023-04-01 12:55:37,015 : INFO : ball_device.bd_vuk_bot : BCH: Initial count: 0
2023-04-01 12:55:37,015 : INFO : ball_device.bd_vuk_bot : State: idle
2023-04-01 12:55:37,016 : INFO : ball_device.bd_trough : BCH: Initial count: 4
2023-04-01 12:55:37,016 : INFO : ball_device.bd_trough : State: idle
2023-04-01 12:55:37,016 : INFO : ball_device.bd_plunger : BCH: Initial count: 0
2023-04-01 12:55:37,017 : INFO : ball_device.bd_plunger : State: idle
2023-04-01 12:55:37,033 : INFO : EventManager : Event: ======'init_phase_3'====== Args={}
2023-04-01 12:55:37,040 : INFO : EventManager : Event: ======'init_phase_4'====== Args={}
2023-04-01 12:55:37,040 : INFO : BallController : Initial balls found: 4
2023-04-01 12:55:37,043 : INFO : EventManager : Event: ======'machine_var_audits_events_game_ended'====== Args={'value': 1, 'prev_value': None, 'change': True}
2023-04-01 12:55:37,043 : INFO : EventManager : Event: ======'machine_var_audits_events_game_started'====== Args={'value': 18, 'prev_value': None, 'change': True}
2023-04-01 12:55:37,043 : INFO : EventManager : Event: ======'machine_var_audits_player_score'====== Args={'value': {'average': 0.0, 'top': [0], 'total': 1}, 'prev_value': None, 'change': True}
2023-04-01 12:55:37,043 : INFO : EventManager : Event: ======'machine_var_audits_switches_s_autolauncher'====== Args={'value': 91, 'prev_value': None, 'change': True}
2023-04-01 12:55:37,043 : INFO : EventManager : Event: ======'machine_var_audits_switches_s_b_eos'====== Args={'value': 247, 'prev_value': None, 'change': True}
2023-04-01 12:55:37,044 : INFO : EventManager : Event: ======'machine_var_audits_switches_s_b_pop'====== Args={'value': 53, 'prev_value': None, 'change': True}
2023-04-01 12:55:37,044 : INFO : EventManager : Event: ======'machine_var_audits_switches_s_b_rollover_interchange'====== Args={'value': 3, 'prev_value': None, 'change': True}
2023-04-01 12:55:37,044 : INFO : EventManager : Event: ======'machine_var_audits_switches_s_b_rollover_loop'====== Args={'value': 2, 'prev_value': None, 'change': True}
2023-04-01 12:55:37,044 : INFO : EventManager : Event: ======'machine_var_audits_switches_s_b_rollover_misc'====== Args={'value': 6, 'prev_value': None, 'change': True}
2023-04-01 12:55:37,044 : INFO : EventManager : Event: ======'machine_var_audits_switches_s_b_target_left'====== Args={'value': 2, 'prev_value': None, 'change': True}
2023-04-01 12:55:37,044 : INFO : EventManager : Event: ======'machine_var_audits_switches_s_b_target_right'====== Args={'value': 3, 'prev_value': None, 'change': True}
2023-04-01 12:55:37,044 : INFO : EventManager : Event: ======'machine_var_audits_switches_s_drop_mid_center'====== Args={'value': 2, 'prev_value': None, 'change': True}
2023-04-01 12:55:37,044 : INFO : EventManager : Event: ======'machine_var_audits_switches_s_drop_mid_left'====== Args={'value': 2, 'prev_value': None, 'change': True}
2023-04-01 12:55:37,044 : INFO : EventManager : Event: ======'machine_var_audits_switches_s_drop_mid_right'====== Args={'value': 2, 'prev_value': None, 'change': True}
2023-04-01 12:55:37,045 : INFO : EventManager : Event: ======'machine_var_audits_switches_s_drop_right_left'====== Args={'value': 2, 'prev_value': None, 'change': True}
2023-04-01 12:55:37,045 : INFO : EventManager : Event: ======'machine_var_audits_switches_s_drop_right_right'====== Args={'value': 2, 'prev_value': None, 'change': True}
2023-04-01 12:55:37,045 : INFO : EventManager : Event: ======'machine_var_audits_switches_s_drop_scoop'====== Args={'value': 0, 'prev_value': None, 'change': True}
2023-04-01 12:55:37,045 : INFO : EventManager : Event: ======'machine_var_audits_switches_s_drop_single'====== Args={'value': 17, 'prev_value': None, 'change': True}
2023-04-01 12:55:37,045 : INFO : EventManager : Event: ======'machine_var_audits_switches_s_flip_left_eos'====== Args={'value': 1754, 'prev_value': None, 'change': True}
2023-04-01 12:55:37,045 : INFO : EventManager : Event: ======'machine_var_audits_switches_s_flip_left_top_eos'====== Args={'value': 88, 'prev_value': None, 'change': True}
2023-04-01 12:55:37,045 : INFO : EventManager : Event: ======'machine_var_audits_switches_s_flip_right_eos'====== Args={'value': 215, 'prev_value': None, 'change': True}
2023-04-01 12:55:37,046 : INFO : EventManager : Event: ======'machine_var_audits_switches_s_inlane_left'====== Args={'value': 0, 'prev_value': None, 'change': True}
2023-04-01 12:55:37,046 : INFO : EventManager : Event: ======'machine_var_audits_switches_s_inlane_right'====== Args={'value': 2, 'prev_value': None, 'change': True}
2023-04-01 12:55:37,046 : INFO : EventManager : Event: ======'machine_var_audits_switches_s_l_rollover'====== Args={'value': 2, 'prev_value': None, 'change': True}
2023-04-01 12:55:37,046 : INFO : EventManager : Event: ======'machine_var_audits_switches_s_l_target_far'====== Args={'value': 2, 'prev_value': None, 'change': True}
2023-04-01 12:55:37,046 : INFO : EventManager : Event: ======'machine_var_audits_switches_s_l_target_large'====== Args={'value': 2, 'prev_value': None, 'change': True}
2023-04-01 12:55:37,046 : INFO : EventManager : Event: ======'machine_var_audits_switches_s_l_target_left'====== Args={'value': 3, 'prev_value': None, 'change': True}
2023-04-01 12:55:37,047 : INFO : EventManager : Event: ======'machine_var_audits_switches_s_l_target_right'====== Args={'value': 2, 'prev_value': None, 'change': True}
2023-04-01 12:55:37,047 : INFO : EventManager : Event: ======'machine_var_audits_switches_s_l_vuk'====== Args={'value': 5, 'prev_value': None, 'change': True}
2023-04-01 12:55:37,047 : INFO : EventManager : Event: ======'machine_var_audits_switches_s_launch'====== Args={'value': 72, 'prev_value': None, 'change': True}
2023-04-01 12:55:37,047 : INFO : EventManager : Event: ======'machine_var_audits_switches_s_left_flipper_1'====== Args={'value': 117, 'prev_value': None, 'change': True}
2023-04-01 12:55:37,047 : INFO : EventManager : Event: ======'machine_var_audits_switches_s_left_flipper_2'====== Args={'value': 211, 'prev_value': None, 'change': True}
2023-04-01 12:55:37,047 : INFO : EventManager : Event: ======'machine_var_audits_switches_s_lock_1'====== Args={'value': 1, 'prev_value': None, 'change': True}
2023-04-01 12:55:37,048 : INFO : EventManager : Event: ======'machine_var_audits_switches_s_lock_2'====== Args={'value': 1, 'prev_value': None, 'change': True}
2023-04-01 12:55:37,048 : INFO : EventManager : Event: ======'machine_var_audits_switches_s_lock_3'====== Args={'value': 1, 'prev_value': None, 'change': True}
2023-04-01 12:55:37,048 : INFO : EventManager : Event: ======'machine_var_audits_switches_s_outlane_left'====== Args={'value': 0, 'prev_value': None, 'change': True}
2023-04-01 12:55:37,048 : INFO : EventManager : Event: ======'machine_var_audits_switches_s_outlane_right'====== Args={'value': 1, 'prev_value': None, 'change': True}
2023-04-01 12:55:37,049 : INFO : EventManager : Event: ======'machine_var_audits_switches_s_pop_left'====== Args={'value': 14, 'prev_value': None, 'change': True}
2023-04-01 12:55:37,049 : INFO : EventManager : Event: ======'machine_var_audits_switches_s_pop_lower'====== Args={'value': 32, 'prev_value': None, 'change': True}
2023-04-01 12:55:37,049 : INFO : EventManager : Event: ======'machine_var_audits_switches_s_pop_right'====== Args={'value': 33, 'prev_value': None, 'change': True}
2023-04-01 12:55:37,049 : INFO : EventManager : Event: ======'machine_var_audits_switches_s_right_flipper_1'====== Args={'value': 342, 'prev_value': None, 'change': True}
2023-04-01 12:55:37,049 : INFO : EventManager : Event: ======'machine_var_audits_switches_s_right_flipper_2'====== Args={'value': 575, 'prev_value': None, 'change': True}
2023-04-01 12:55:37,049 : INFO : EventManager : Event: ======'machine_var_audits_switches_s_rollover_left'====== Args={'value': 25, 'prev_value': None, 'change': True}
2023-04-01 12:55:37,050 : INFO : EventManager : Event: ======'machine_var_audits_switches_s_rollover_right'====== Args={'value': 481, 'prev_value': None, 'change': True}
2023-04-01 12:55:37,050 : INFO : EventManager : Event: ======'machine_var_audits_switches_s_sling_left'====== Args={'value': 7, 'prev_value': None, 'change': True}
2023-04-01 12:55:37,050 : INFO : EventManager : Event: ======'machine_var_audits_switches_s_sling_right'====== Args={'value': 15, 'prev_value': None, 'change': True}
2023-04-01 12:55:37,050 : INFO : EventManager : Event: ======'machine_var_audits_switches_s_start'====== Args={'value': 7, 'prev_value': None, 'change': True}
2023-04-01 12:55:37,050 : INFO : EventManager : Event: ======'machine_var_audits_switches_s_tilt'====== Args={'value': 46, 'prev_value': None, 'change': True}
2023-04-01 12:55:37,051 : INFO : EventManager : Event: ======'machine_var_audits_switches_s_trough_1'====== Args={'value': 0, 'prev_value': None, 'change': True}
2023-04-01 12:55:37,051 : INFO : EventManager : Event: ======'machine_var_audits_switches_s_trough_2'====== Args={'value': 25, 'prev_value': None, 'change': True}
2023-04-01 12:55:37,051 : INFO : EventManager : Event: ======'machine_var_audits_switches_s_trough_3'====== Args={'value': 23, 'prev_value': None, 'change': True}
2023-04-01 12:55:37,052 : INFO : EventManager : Event: ======'machine_var_audits_switches_s_trough_4'====== Args={'value': 26, 'prev_value': None, 'change': True}
2023-04-01 12:55:37,052 : INFO : EventManager : Event: ======'machine_var_audits_switches_s_trough_5'====== Args={'value': 18, 'prev_value': None, 'change': True}
2023-04-01 12:55:37,052 : INFO : EventManager : Event: ======'machine_var_audits_switches_s_trough_6'====== Args={'value': 15, 'prev_value': None, 'change': True}
2023-04-01 12:55:37,052 : INFO : EventManager : Event: ======'machine_var_audits_switches_s_trough_jam'====== Args={'value': 33, 'prev_value': None, 'change': True}
2023-04-01 12:55:37,053 : INFO : EventManager : Event: ======'machine_var_audits_switches_s_u_lane_l'====== Args={'value': 1, 'prev_value': None, 'change': True}
2023-04-01 12:55:37,053 : INFO : EventManager : Event: ======'machine_var_audits_switches_s_u_lane_r'====== Args={'value': 1, 'prev_value': None, 'change': True}
2023-04-01 12:55:37,053 : INFO : EventManager : Event: ======'machine_var_audits_switches_s_u_rollover'====== Args={'value': 1, 'prev_value': None, 'change': True}
2023-04-01 12:55:37,053 : INFO : EventManager : Event: ======'machine_var_audits_switches_s_u_target'====== Args={'value': 1, 'prev_value': None, 'change': True}
2023-04-01 12:55:37,054 : INFO : EventManager : Event: ======'machine_var_audits_switches_s_vuk_back'====== Args={'value': 44, 'prev_value': None, 'change': True}
2023-04-01 12:55:37,054 : INFO : EventManager : Event: ======'machine_var_audits_switches_s_vuk_right'====== Args={'value': 0, 'prev_value': None, 'change': True}
2023-04-01 12:55:37,070 : INFO : EventManager : Event: ======'init_phase_5'====== Args={}
2023-04-01 12:55:37,071 : INFO : EventManager : Event: ======'init_done'====== Args={}
2023-04-01 12:55:37,071 : INFO : EventManager : Event: ======'machine_reset_phase_1'====== Args={}
2023-04-01 12:55:37,072 : INFO : EventManager : Event: ======'machine_reset_phase_2'====== Args={}
2023-04-01 12:55:37,072 : INFO : EventManager : Event: ======'machine_reset_phase_3'====== Args={}
2023-04-01 12:55:37,072 : INFO : EventManager : Event: ======'reset_complete'====== Args={}
2023-04-01 12:55:37,073 : INFO : EventManager : Event: ======'mode_attract_will_start'====== Args={}
2023-04-01 12:55:37,074 : INFO : EventManager : Event: ======'mode_attract_starting'====== Args={}
2023-04-01 12:55:37,074 : INFO : Mode.attract : Started. Priority: 10
2023-04-01 12:55:37,074 : INFO : EventManager : Event: ======'modes_active_modes_changed'====== Args={}
2023-04-01 12:55:37,074 : INFO : EventManager : Event: ======'mode_attract_started'====== Args={}
2023-04-01 12:55:37,074 : ERROR : asyncio : Exception in callback <bound method EventManager.process_event_queue of <mpf.core.events.EventManager object at 0x7fa10967ecc0>>
handle: <Handle EventManager.process_event_queue>
Traceback (most recent call last):
  File "/Users/tpetch/.local/pipx/venvs/mpf/lib/python3.9/site-packages/mpf/core/show_controller.py", line 129, in replace_or_advance_show
    show_obj = self.machine.shows[config.name]
KeyError: 'gi-start'

During handling of the above exception, another exception occurred:

Traceback (most recent call last):
  File "/Users/tpetch/.local/pipx/venvs/mpf/lib/python3.9/site-packages/mpf/core/events.py", line 704, in _run_handlers
    result = handler.callback(**merged_kwargs)
  File "/Users/tpetch/.local/pipx/venvs/mpf/lib/python3.9/site-packages/mpf/core/config_player.py", line 349, in config_play_callback
    return self.play(settings=settings, context=context, calling_context=calling_context, priority=priority,
  File "/Users/tpetch/.local/pipx/venvs/mpf/lib/python3.9/site-packages/mpf/config_players/show_player.py", line 60, in play
    self._update_show(show.name, show_settings, context, queue, start_time, show_tokens)
  File "/Users/tpetch/.local/pipx/venvs/mpf/lib/python3.9/site-packages/mpf/config_players/show_player.py", line 224, in _update_show
    action(key, instance_dict, show_name, show_settings, queue, start_time, placeholder_args)
  File "/Users/tpetch/.local/pipx/venvs/mpf/lib/python3.9/site-packages/mpf/config_players/show_player.py", line 116, in _play
    instance_dict[key] = self.machine.show_controller.replace_or_advance_show(previous_show, show_config,
  File "/Users/tpetch/.local/pipx/venvs/mpf/lib/python3.9/site-packages/mpf/core/show_controller.py", line 131, in replace_or_advance_show
    raise KeyError("Cannot play show '{}'. No show with that "
KeyError: "Cannot play show 'gi-start'. No show with that name."

The above exception was the direct cause of the following exception:

Traceback (most recent call last):
  File "uvloop/cbhandles.pyx", line 61, in uvloop.loop.Handle._run
  File "/Users/tpetch/.local/pipx/venvs/mpf/lib/python3.9/site-packages/mpf/core/events.py", line 795, in process_event_queue
    self._process_event(event=event[0],
  File "/Users/tpetch/.local/pipx/venvs/mpf/lib/python3.9/site-packages/mpf/core/events.py", line 757, in _process_event
    result = self._run_handlers(event, ev_type, kwargs)
  File "/Users/tpetch/.local/pipx/venvs/mpf/lib/python3.9/site-packages/mpf/core/events.py", line 706, in _run_handlers
    raise EventHandlerException(
mpf.core.events.EventHandlerException: Exception while processing RegisteredHandler(callback=<bound method ConfigPlayer.config_play_callback of ConfigPlayer.show_player/shows>, priority=11, kwargs={'calling_context': 'mode_attract_started.1', 'mode': <Mode.attract>, 'settings': {gi-start-None-None: {'priority': 0, 'action': 'play', 'show': None, 'speed': 1.0, 'block_queue': False, 'start_step': <NativeTemplate 1>, 'start_running': <Template True>, 'loops': -1, 'sync_ms': None, 'manual_advance': False, 'show_queue': None, 'key': None, 'show_tokens': {}, 'events_when_played': [], 'events_when_stopped': [], 'events_when_looped': [], 'events_when_paused': [], 'events_when_resumed': [], 'events_when_advanced': [], 'events_when_stepped_back': [], 'events_when_updated': [], 'events_when_completed': []}}}, key=UUID('06e1203d-a8d5-4758-9c2b-4c638018b974'), condition=None, blocking_facility=None) for event mode_attract_started. "Cannot play show 'gi-start'. No show with that name."
2023-04-01 12:55:37,078 : INFO : Machine : Starting the main run loop.
2023-04-01 12:55:37,079 : INFO : Machine : Shutting down...
2023-04-01 12:55:37,079 : INFO : EventManager : Event: ======'shutdown'====== Args={}
2023-04-01 12:55:37,083 : WARNING : [NET] : Unknown message received: DL:P
2023-04-01 12:55:37,192 : ERROR : Machine : Runtime Exception
Traceback (most recent call last):
  File "/Users/tpetch/.local/pipx/venvs/mpf/lib/python3.9/site-packages/mpf/core/show_controller.py", line 129, in replace_or_advance_show
    show_obj = self.machine.shows[config.name]
KeyError: 'gi-start'

During handling of the above exception, another exception occurred:

Traceback (most recent call last):
  File "/Users/tpetch/.local/pipx/venvs/mpf/lib/python3.9/site-packages/mpf/core/events.py", line 704, in _run_handlers
    result = handler.callback(**merged_kwargs)
  File "/Users/tpetch/.local/pipx/venvs/mpf/lib/python3.9/site-packages/mpf/core/config_player.py", line 349, in config_play_callback
    return self.play(settings=settings, context=context, calling_context=calling_context, priority=priority,
  File "/Users/tpetch/.local/pipx/venvs/mpf/lib/python3.9/site-packages/mpf/config_players/show_player.py", line 60, in play
    self._update_show(show.name, show_settings, context, queue, start_time, show_tokens)
  File "/Users/tpetch/.local/pipx/venvs/mpf/lib/python3.9/site-packages/mpf/config_players/show_player.py", line 224, in _update_show
    action(key, instance_dict, show_name, show_settings, queue, start_time, placeholder_args)
  File "/Users/tpetch/.local/pipx/venvs/mpf/lib/python3.9/site-packages/mpf/config_players/show_player.py", line 116, in _play
    instance_dict[key] = self.machine.show_controller.replace_or_advance_show(previous_show, show_config,
  File "/Users/tpetch/.local/pipx/venvs/mpf/lib/python3.9/site-packages/mpf/core/show_controller.py", line 131, in replace_or_advance_show
    raise KeyError("Cannot play show '{}'. No show with that "
KeyError: "Cannot play show 'gi-start'. No show with that name."

The above exception was the direct cause of the following exception:

Traceback (most recent call last):
  File "/Users/tpetch/.local/pipx/venvs/mpf/lib/python3.9/site-packages/mpf/core/machine.py", line 797, in _run_loop
    raise self._exception['exception']
  File "uvloop/cbhandles.pyx", line 61, in uvloop.loop.Handle._run
  File "/Users/tpetch/.local/pipx/venvs/mpf/lib/python3.9/site-packages/mpf/core/events.py", line 795, in process_event_queue
    self._process_event(event=event[0],
  File "/Users/tpetch/.local/pipx/venvs/mpf/lib/python3.9/site-packages/mpf/core/events.py", line 757, in _process_event
    result = self._run_handlers(event, ev_type, kwargs)
  File "/Users/tpetch/.local/pipx/venvs/mpf/lib/python3.9/site-packages/mpf/core/events.py", line 706, in _run_handlers
    raise EventHandlerException(
mpf.core.events.EventHandlerException: Exception while processing RegisteredHandler(callback=<bound method ConfigPlayer.config_play_callback of ConfigPlayer.show_player/shows>, priority=11, kwargs={'calling_context': 'mode_attract_started.1', 'mode': <Mode.attract>, 'settings': {gi-start-None-None: {'priority': 0, 'action': 'play', 'show': None, 'speed': 1.0, 'block_queue': False, 'start_step': <NativeTemplate 1>, 'start_running': <Template True>, 'loops': -1, 'sync_ms': None, 'manual_advance': False, 'show_queue': None, 'key': None, 'show_tokens': {}, 'events_when_played': [], 'events_when_stopped': [], 'events_when_looped': [], 'events_when_paused': [], 'events_when_resumed': [], 'events_when_advanced': [], 'events_when_stepped_back': [], 'events_when_updated': [], 'events_when_completed': []}}}, key=UUID('06e1203d-a8d5-4758-9c2b-4c638018b974'), condition=None, blocking_facility=None) for event mode_attract_started. "Cannot play show 'gi-start'. No show with that name."
2023-04-01 12:57:53,022 : INFO : root : MPF run loop ended.
