2024-04-19 06:39:51,882 : kivy : Kivy: v2.2.1
2024-04-19 06:39:51,883 : kivy : Kivy: Installed at "/Library/Frameworks/Python.framework/Versions/3.9/lib/python3.9/site-packages/kivy/__init__.py"
2024-04-19 06:39:51,883 : kivy : Python: v3.9.13 (v3.9.13:6de2ca5339, May 17 2022, 11:37:23) 
[Clang 13.0.0 (clang-1300.0.29.30)]
2024-04-19 06:39:51,883 : kivy : Python: Interpreter at "/Library/Frameworks/Python.framework/Versions/3.9/bin/python3.9"
2024-04-19 06:39:51,888 : kivy : Factory: 190 symbols loaded
2024-04-19 06:39:51,965 : kivy : ImageLoaderFFPy: Using ffpyplayer 4.5.1
2024-04-19 06:39:51,966 : kivy : Image: Providers: img_tex, img_imageio, img_dds, img_sdl2, img_pil, img_ffpyplayer 
2024-04-19 06:39:52,017 : kivy : VideoFFPy: Using ffpyplayer 4.5.1
2024-04-19 06:39:52,017 : kivy : Video: Provider: ffpyplayer(['video_ffmpeg'] ignored)
2024-04-19 06:39:52,039 : root : Loading MPF-MC controller
2024-04-19 06:39:52,040 : YamlMultifileConfigLoader : Machine config file #1: config
2024-04-19 06:39:52,040 : ConfigProcessor : Config file in cache changed: /Users/tannerpetch/Documents/lofab/config/config
2024-04-19 06:39:52,040 : ConfigProcessor : Loading config from file /Library/Frameworks/Python.framework/Versions/3.9/lib/python3.9/site-packages/mpfmc/mcconfig.yaml.
2024-04-19 06:39:52,044 : ConfigProcessor : Loading config: /Library/Frameworks/Python.framework/Versions/3.9/lib/python3.9/site-packages/mpfmc/mcconfig.yaml
2024-04-19 06:39:52,044 : ConfigProcessor : Loading config from file /Users/tannerpetch/Documents/lofab/config/config.
2024-04-19 06:39:52,048 : ConfigProcessor : Loading config: /Users/tannerpetch/Documents/lofab/config/config
2024-04-19 06:39:52,049 : ConfigProcessor : Config file cache created: /var/folders/l2/q8hj_6s91xnb2jxg1sqm0h7r0000gn/T/9e183c751863988d28b0cc4a0d6de061.mpf_cache
2024-04-19 06:39:52,049 : ConfigProcessor : Loading config from cache: /var/folders/l2/q8hj_6s91xnb2jxg1sqm0h7r0000gn/T/a230534cf2177fbec6b8c4532498d7aa.mpf_cache
2024-04-19 06:39:52,051 : ConfigProcessor : Loading config from cache: /var/folders/l2/q8hj_6s91xnb2jxg1sqm0h7r0000gn/T/edcc5f1d3215b377c9faab88c62e4ce0.mpf_cache
2024-04-19 06:39:52,056 : ConfigProcessor : Loading config from cache: /var/folders/l2/q8hj_6s91xnb2jxg1sqm0h7r0000gn/T/a230534cf2177fbec6b8c4532498d7aa.mpf_cache
2024-04-19 06:39:52,056 : ConfigProcessor : Loading config from cache: /var/folders/l2/q8hj_6s91xnb2jxg1sqm0h7r0000gn/T/7f904b13fb0bbeff0df2664551ed6e21.mpf_cache
2024-04-19 06:39:52,056 : ConfigProcessor : Loading config from cache: /var/folders/l2/q8hj_6s91xnb2jxg1sqm0h7r0000gn/T/53deb73770a884c162702d5663ea0e83.mpf_cache
2024-04-19 06:39:52,057 : mpfmc : Mission Pinball Framework Media Controller (MPF-MC) v0.57.0. Requires MPF v0.57.0 or newer.
2024-04-19 06:39:52,057 : mpfmc : Found MPF v0.57.1.dev3
2024-04-19 06:39:52,057 : mpfmc : Machine path: /Users/tannerpetch/Documents/lofab
2024-04-19 06:39:52,057 : mpfmc : Starting clock at 60.0Hz
2024-04-19 06:39:52,065 : kivy : Text: Provider: sdl2
2024-04-19 06:39:52,079 : kivy : Window: Provider: sdl2
2024-04-19 06:39:52,187 : kivy : GL: Using the "OpenGL ES 2" graphics system
2024-04-19 06:39:52,187 : kivy : GL: Backend used <sdl2>
2024-04-19 06:39:52,187 : kivy : GL: OpenGL version <b'2.1 Metal - 88'>
2024-04-19 06:39:52,187 : kivy : GL: OpenGL vendor <b'Apple'>
2024-04-19 06:39:52,187 : kivy : GL: OpenGL renderer <b'Apple M3'>
2024-04-19 06:39:52,187 : kivy : GL: OpenGL parsed version: 2, 1
2024-04-19 06:39:52,187 : kivy : GL: Shading version <b'1.20'>
2024-04-19 06:39:52,187 : kivy : GL: Texture max size <16384>
2024-04-19 06:39:52,187 : kivy : GL: Texture max units <16>
2024-04-19 06:39:52,197 : kivy : Window: auto add sdl2 input provider
2024-04-19 06:39:52,197 : kivy : Window: virtual keyboard not allowed, single mode, not docked
2024-04-19 06:39:52,200 : SoundSystem : SoundSystem: Using default 'sound_system' settings
2024-04-19 06:39:52,289 : AudioInterface : Initialized
2024-04-19 06:39:52,289 : AudioInterface : Loaded SDL 2.30.1
2024-04-19 06:39:52,289 : AudioInterface : Loaded SDL_Mixer 2.8.0
2024-04-19 06:39:52,289 : AudioInterface : Loaded GStreamer 1.22.10.0
2024-04-19 06:39:52,289 : AudioInterface : Loaded GLib 2.80.0
2024-04-19 06:39:52,289 : AudioInterface : Settings requested - rate: 44100, channels: 1, buffer: 2048 samples
2024-04-19 06:39:52,289 : AudioInterface : Settings in use - rate: 44100, channels: 1, buffer: 2048 samples (4096 bytes @ 2 bytes per sample)
2024-04-19 06:39:52,289 : SoundSystem : No audio tracks are specified in your machine config file. a track named 'default' has been created.
2024-04-19 06:39:52,289 : SoundSystem : Setting master volume to 0.0
2024-04-19 06:39:52,289 : AudioInterface : Enabling audio playback
2024-04-19 06:39:52,290 : kivy : Base: Start application main loop
2024-04-19 06:39:52,291 : EventManager : Event: ======'display_window_initialized'====== Args={}
2024-04-19 06:39:52,716 : mpfmc : Display: Setting 'window' as default display
2024-04-19 06:39:52,721 : mpfmc : ASPECT RATIO MISMATCH: The on-screen window is not the same aspect ratio as the display called 'window'. The logical display will be scaled from 1024x600 to the window size 1600x1200, and a black bar will make up the difference
2024-04-19 06:39:52,722 : EventManager : Event: ======'displays_initialized'====== Args={}
2024-04-19 06:39:52,723 : EventManager : Event: ======'slide_window_blank_created'====== Args={}
2024-04-19 06:39:52,723 : EventManager : Event: ======'display_window_ready'====== Args={}
2024-04-19 06:39:52,730 : EventManager : Event: ======'init_phase_1'====== Args={}
2024-04-19 06:39:52,733 : EventManager : Event: ======'mc_ready'====== Args={}
2024-04-19 06:39:52,733 : EventManager : Event: ======'init_phase_2'====== Args={}
2024-04-19 06:39:52,734 : EventManager : Event: ======'init_phase_3'====== Args={}
2024-04-19 06:39:52,735 : EventManager : Event: ======'init_phase_4'====== Args={}
2024-04-19 06:39:52,735 : EventManager : Event: ======'init_phase_5'====== Args={}
2024-04-19 06:39:52,779 : kivy : GL: NPOT texture support is available
2024-04-19 06:39:52,781 : EventManager : Event: ======'loading_assets'====== Args={'total': 2, 'loaded': 1, 'remaining': 1, 'percent': 50}
2024-04-19 06:39:52,781 : AssetManager : Loading assets: 1/2 (50%)
2024-04-19 06:39:52,783 : EventManager : Event: ======'loading_assets'====== Args={'total': 2, 'loaded': 2, 'remaining': 0, 'percent': 100}
2024-04-19 06:39:52,783 : AssetManager : Asset loading took: 0.4938199520111084
2024-04-19 06:39:52,783 : EventManager : Event: ======'asset_loading_complete'====== Args={}
2024-04-19 06:39:52,783 : AssetManager : Loading assets: 2/2 (100%)
2024-04-19 06:39:52,783 : EventManager : Event: ======'init_done'====== Args={}
2024-04-19 06:39:52,784 : MPF-MC BCP Server : Starting up on localhost port 5050
2024-04-19 06:39:52,784 : kivy : Base: Leaving application in progress...
2024-04-19 06:39:52,785 : root : Exception while processing RegisteredHandler(callback=<bound method BcpProcessor._start_socket_thread of <mpfmc.core.bcp_processor.BcpProcessor object at 0x118604580>>, priority=1, kwargs={}, key=UUID('8566ea5b-f115-4524-84ef-a79d4ccc4ea2'), condition=None, blocking_facility=None) for event init_done. Runtime Error in MPF-MC BCP Server: Failed to bind BCP Socket to localhost on port 5050. Is there another application running on that port? Error Code: RE-MPF-MC_BCP_Server-1 (https://missionpinball.org/logs)
Traceback (most recent call last):
  File "/Library/Frameworks/Python.framework/Versions/3.9/lib/python3.9/site-packages/mpfmc/core/bcp_server.py", line 61, in setup_server_socket
    self.socket.bind((interface, port))
OSError: [Errno 48] Address already in use

The above exception was the direct cause of the following exception:

Traceback (most recent call last):
  File "/Library/Frameworks/Python.framework/Versions/3.9/lib/python3.9/site-packages/mpf/core/events.py", line 755, in _run_handlers
    result = handler.callback(**merged_kwargs)
  File "/Library/Frameworks/Python.framework/Versions/3.9/lib/python3.9/site-packages/mpfmc/core/bcp_processor.py", line 86, in _start_socket_thread
    self.socket_thread = BCPServer(self.mc, self.receive_queue,
  File "/Library/Frameworks/Python.framework/Versions/3.9/lib/python3.9/site-packages/mpfmc/core/bcp_server.py", line 40, in __init__
    self.setup_server_socket(mc.machine_config['mpf-mc']['bcp_interface'],
  File "/Library/Frameworks/Python.framework/Versions/3.9/lib/python3.9/site-packages/mpfmc/core/bcp_server.py", line 63, in setup_server_socket
    raise MpfRuntimeError("Failed to bind BCP Socket to {} on port {}. "
mpf.exceptions.runtime_error.MpfRuntimeError: Runtime Error in MPF-MC BCP Server: Failed to bind BCP Socket to localhost on port 5050. Is there another application running on that port? Error Code: RE-MPF-MC_BCP_Server-1 (https://missionpinball.org/logs)

The above exception was the direct cause of the following exception:

Traceback (most recent call last):
  File "/Library/Frameworks/Python.framework/Versions/3.9/lib/python3.9/site-packages/mpfmc/commands/mc.py", line 215, in __init__
    MpfMc(options=vars(args),
  File "/Library/Frameworks/Python.framework/Versions/3.9/lib/python3.9/site-packages/kivy/app.py", line 956, in run
    runTouchApp()
  File "/Library/Frameworks/Python.framework/Versions/3.9/lib/python3.9/site-packages/kivy/base.py", line 574, in runTouchApp
    EventLoop.mainloop()
  File "/Library/Frameworks/Python.framework/Versions/3.9/lib/python3.9/site-packages/kivy/base.py", line 339, in mainloop
    self.idle()
  File "/Library/Frameworks/Python.framework/Versions/3.9/lib/python3.9/site-packages/kivy/base.py", line 379, in idle
    Clock.tick()
  File "/Library/Frameworks/Python.framework/Versions/3.9/lib/python3.9/site-packages/kivy/clock.py", line 733, in tick
    self.post_idle(ts, self.idle())
  File "/Library/Frameworks/Python.framework/Versions/3.9/lib/python3.9/site-packages/kivy/clock.py", line 776, in post_idle
    self._process_events()
  File "kivy/_clock.pyx", line 620, in kivy._clock.CyClockBase._process_events
  File "kivy/_clock.pyx", line 653, in kivy._clock.CyClockBase._process_events
  File "kivy/_clock.pyx", line 649, in kivy._clock.CyClockBase._process_events
  File "kivy/_clock.pyx", line 218, in kivy._clock.ClockEvent.tick
  File "/Library/Frameworks/Python.framework/Versions/3.9/lib/python3.9/site-packages/mpfmc/core/assets.py", line 64, in _check_loader_status
    self._post_loading_event()
  File "/Library/Frameworks/Python.framework/Versions/3.9/lib/python3.9/site-packages/mpf/core/assets.py", line 604, in _post_loading_event
    self.machine.clear_boot_hold('assets')
  File "/Library/Frameworks/Python.framework/Versions/3.9/lib/python3.9/site-packages/mpfmc/core/mc.py", line 309, in clear_boot_hold
    self.init_done()
  File "/Library/Frameworks/Python.framework/Versions/3.9/lib/python3.9/site-packages/mpfmc/core/mc.py", line 414, in init_done
    self.events.process_event_queue()
  File "/Library/Frameworks/Python.framework/Versions/3.9/lib/python3.9/site-packages/mpf/core/events.py", line 846, in process_event_queue
    self._process_event(event=event[0],
  File "/Library/Frameworks/Python.framework/Versions/3.9/lib/python3.9/site-packages/mpf/core/events.py", line 808, in _process_event
    result = self._run_handlers(event, ev_type, kwargs)
  File "/Library/Frameworks/Python.framework/Versions/3.9/lib/python3.9/site-packages/mpf/core/events.py", line 757, in _run_handlers
    raise EventHandlerException(
mpf.core.events.EventHandlerException: Exception while processing RegisteredHandler(callback=<bound method BcpProcessor._start_socket_thread of <mpfmc.core.bcp_processor.BcpProcessor object at 0x118604580>>, priority=1, kwargs={}, key=UUID('8566ea5b-f115-4524-84ef-a79d4ccc4ea2'), condition=None, blocking_facility=None) for event init_done. Runtime Error in MPF-MC BCP Server: Failed to bind BCP Socket to localhost on port 5050. Is there another application running on that port? Error Code: RE-MPF-MC_BCP_Server-1 (https://missionpinball.org/logs)
2024-04-19 06:39:52,789 : root : Stopping child threads... (1 remaining)
2024-04-19 06:39:53,798 : root : All child threads stopped.
